2019-11-07 20:20:18,731 [      0]   INFO -        #com.intellij.idea.Main - ------------------------------------------------------ IDE STARTED ------------------------------------------------------ 
2019-11-07 20:20:18,834 [    103]   INFO -        #com.intellij.idea.Main - IDE: IntelliJ IDEA (build #IC-191.7479.19, 28 May 2019 08:23) 
2019-11-07 20:20:18,834 [    103]   INFO -        #com.intellij.idea.Main - OS: Windows 10 (10.0, amd64) 
2019-11-07 20:20:18,834 [    103]   INFO -        #com.intellij.idea.Main - JRE: 1.8.0_202-release-1483-b53 (JetBrains s.r.o) 
2019-11-07 20:20:18,834 [    103]   INFO -        #com.intellij.idea.Main - JVM: 25.202-b53 (OpenJDK 64-Bit Server VM) 
2019-11-07 20:20:18,840 [    109]   INFO -        #com.intellij.idea.Main - JVM Args: -Didea.classpath.index.enabled=false -Didea.config.path=C:\Users\Simone\Desktop\Ascetic3.0\Code\build\idea-sandbox\config -Didea.is.internal=true -Didea.platform.prefix=Idea -Didea.plugins.path=C:\Users\Simone\Desktop\Ascetic3.0\Code\build\idea-sandbox\plugins -Didea.required.plugins.id=it.unisa.ascetic -Didea.system.path=C:\Users\Simone\Desktop\Ascetic3.0\Code\build\idea-sandbox\system -Xms256m -Xmx512m -Dfile.encoding=windows-1252 -Duser.country=IT -Duser.language=it -Duser.variant -ea 
2019-11-07 20:20:18,841 [    110]   INFO -        #com.intellij.idea.Main - ext: C:\Users\Simone\.gradle\caches\modules-2\files-2.1\com.jetbrains\jbre\jbrx-8u202-windows-x64-b1483.53\jre\lib\ext: [access-bridge-64.jar, cldrdata.jar, dnsns.jar, jaccess.jar, jfxrt.jar, localedata.jar, meta-index, nashorn.jar, sunec.jar, sunjce_provider.jar, sunmscapi.jar, sunpkcs11.jar, zipfs.jar] 
2019-11-07 20:20:18,842 [    111]   INFO -        #com.intellij.idea.Main - charsets: JNU=Cp1252 file=windows-1252 
2019-11-07 20:20:18,937 [    206]   INFO -        #com.intellij.idea.Main - JNA library (64-bit) loaded in 95 ms 
2019-11-07 20:20:18,943 [    212]   INFO - penapi.util.io.win32.IdeaWin32 - Native filesystem for Windows is operational 
2019-11-07 20:20:19,188 [    457]   INFO -     #com.intellij.util.ui.JBUI - User scale factor: 1.0 
2019-11-07 20:20:19,208 [    477]   INFO -     #com.intellij.util.ui.JBUI - System scale factor: 1.0 (JRE-managed HiDPI) 
2019-11-07 20:20:20,710 [   1979]   INFO - .intellij.idea.IdeaApplication - CPU cores: 8; ForkJoinPool.commonPool: java.util.concurrent.ForkJoinPool@794b537b[Running, parallelism = 7, size = 0, active = 0, running = 0, steals = 0, tasks = 0, submissions = 0]; factory: com.intellij.concurrency.IdeaForkJoinWorkerThreadFactory@24d78f3d 
2019-11-07 20:20:21,241 [   2510]   INFO - llij.ide.plugins.PluginManager - Cannot find optional descriptor duplicates-groovy.xml 
2019-11-07 20:20:21,243 [   2512]   INFO - llij.ide.plugins.PluginManager - Cannot find optional descriptor duplicates-detection-groovy.xml 
2019-11-07 20:20:21,405 [   2674]   INFO - llij.ide.plugins.PluginManager - load plugin descriptors took 423 ms 
2019-11-07 20:20:21,510 [   2779]   INFO - llij.ide.plugins.PluginManager - 35 plugins initialized in 529 ms 
2019-11-07 20:20:21,510 [   2779]   INFO - llij.ide.plugins.PluginManager - Loaded bundled plugins: Android Support (10.3.3), Ant Support (191.7479.19), Bytecode Viewer (191.7479.19), Copyright (191.7479.19), Coverage (191.7479.19), Eclipse Integration (191.7479.19), EditorConfig (191.7479.19), Git Integration (191.7479.19), GitHub (191.7479.19), Gradle (191.7479.19), Groovy (191.7479.19), I18n for Java (191.7479.19), IDEA CORE (191.7479.19), IntelliJ Configuration Script (191.7479.19), IntelliLang (191.7479.19), JUnit (191.7479.19), Java Bytecode Decompiler (191.7479.19), Java Stream Debugger (191.7479.19), JavaFX (191.7479.19), Kotlin (1.3.21-release-IJ2019.1-3), Maven Integration (191.7479.19), Mercurial Integration (191.7479.19), Plugin DevKit (191.7479.19), Properties Support (191.7479.19), Settings Repository (191.7479.19), Smali Support (191.7479.19), Subversion (191.7479.19), Task Management (191.7479.19), Terminal (191.7479.19), TestNG-J (191.7479.19), UI Designer (191.7479.19), XPathView + XSLT Support (191.7479.19), XSLT-Debugger (191.7479.19), YAML (191.7479.19) 
2019-11-07 20:20:21,510 [   2779]   INFO - llij.ide.plugins.PluginManager - Loaded custom plugins: Ascetic (1.0-SNAPSHOT) 
2019-11-07 20:20:26,739 [   8008]   INFO - ellij.vfs.persistent.FSRecords - Marking VFS as corrupted: 'C:\Users\Simone\Desktop\Ascetic3.0\Code\build\idea-sandbox\system\caches\names.dat' does not exist 
2019-11-07 20:20:26,741 [   8010]   INFO - ellij.util.io.PagedFileStorage - lower=100; upper=435; buffer=10; max=435 
2019-11-07 20:20:26,794 [   8063]   INFO - pl.local.NativeFileWatcherImpl - Starting file watcher: C:\Users\Simone\.gradle\caches\modules-2\files-2.1\com.jetbrains.intellij.idea\ideaIC\2019.1.3\6a2d76b455a8e07743bd5bdc891a410a7ddb2fb3\ideaIC-2019.1.3\bin\win\fsnotifier64.exe 
2019-11-07 20:20:26,819 [   8088]   INFO - pl.local.NativeFileWatcherImpl - Native file watcher is operational. 
2019-11-07 20:20:27,734 [   9003]   INFO - .history.utils.LocalHistoryLog - local history version mismatch (was: 0, expected: 6), rebuilding... 
2019-11-07 20:20:27,734 [   9003]   INFO - .history.utils.LocalHistoryLog - FS has been rebuild, rebuilding local history... 
2019-11-07 20:20:28,315 [   9584]   INFO - til.net.ssl.CertificateManager - Default SSL context initialized 
2019-11-07 20:20:28,331 [   9600]   WARN - com.intellij.util.xmlb.Binding - no accessors for interface com.intellij.openapi.extensions.PluginDescriptor 
2019-11-07 20:20:28,342 [   9611]   INFO - rains.ide.BuiltInServerManager - built-in server started, port 63343 
2019-11-07 20:20:28,454 [   9723]   INFO - gs.impl.UpdateCheckerComponent - channel: release 
2019-11-07 20:20:29,073 [  10342]   INFO - il.indexing.FileBasedIndexImpl - Index exts enumerated:538, number of extensions:47 
2019-11-07 20:20:29,099 [  10368]   INFO - il.indexing.FileBasedIndexImpl - Index scheduled:26 
2019-11-07 20:20:29,118 [  10387]   INFO - il.indexing.FileBasedIndexImpl - Index FilenameIndex will be built. 
2019-11-07 20:20:29,168 [  10437]   INFO - il.indexing.FileBasedIndexImpl - Index filetypes will be built. 
2019-11-07 20:20:29,182 [  10451]   INFO - il.indexing.FileBasedIndexImpl - Index java.auto.module.name will be built. 
2019-11-07 20:20:29,197 [  10466]   INFO - il.indexing.FileBasedIndexImpl - Index GroovyDslFileIndex will be built. 
2019-11-07 20:20:29,227 [  10496]   INFO - il.indexing.FileBasedIndexImpl - Index FrameworkDetectionIndex will be built. 
2019-11-07 20:20:29,258 [  10527]   INFO - il.indexing.FileBasedIndexImpl - Index TodoIndex will be built. 
2019-11-07 20:20:29,391 [  10660]   INFO - il.indexing.FileBasedIndexImpl - Index IdIndex will be built. 
2019-11-07 20:20:29,415 [  10684]   INFO - il.indexing.FileBasedIndexImpl - Index Stubs will be built. 
2019-11-07 20:20:29,475 [  10744]   INFO - j.ide.ui.OptionsTopHitProvider - 1414 ms spent to cache options in application 
2019-11-07 20:20:29,475 [  10744]   INFO - .openapi.application.Preloader - com.intellij.ide.ui.OptionsTopHitProvider$Activity took 1414 ms 
2019-11-07 20:20:29,569 [  10838]   INFO - tellij.psi.stubs.StubIndexImpl - All stub exts enumerated:465, number of extensions:50 
2019-11-07 20:20:29,569 [  10838]   INFO - tellij.psi.stubs.StubIndexImpl - stub exts update scheduled:0 
2019-11-07 20:20:29,578 [  10847]   INFO - ij.psi.stubs.StubUpdatingIndex - Following new file types will be indexed:KJSM,CLASS,JAVA,Groovy,KNM,kotlin_builtins,XML,Properties,HTML,Kotlin,DGM File Type 
2019-11-07 20:20:29,841 [  11110]   INFO - il.indexing.FileBasedIndexImpl - Index Trigram.Index will be built. 
2019-11-07 20:20:29,863 [  11132]   INFO - il.indexing.FileBasedIndexImpl - Index fileIncludes will be built. 
2019-11-07 20:20:29,880 [  11149]   INFO - il.indexing.FileBasedIndexImpl - Index DomFileIndex will be built. 
2019-11-07 20:20:29,893 [  11162]   INFO - il.indexing.FileBasedIndexImpl - Index RelaxSymbolIndex will be built. 
2019-11-07 20:20:29,916 [  11185]   INFO - il.indexing.FileBasedIndexImpl - Index XmlTagNames will be built. 
2019-11-07 20:20:29,926 [  11195]   INFO - il.indexing.FileBasedIndexImpl - Index XmlNamespaces will be built. 
2019-11-07 20:20:29,952 [  11221]   INFO - il.indexing.FileBasedIndexImpl - Index html5.custom.attributes.index will be built. 
2019-11-07 20:20:29,963 [  11232]   INFO - il.indexing.FileBasedIndexImpl - Index SchemaTypeInheritance will be built. 
2019-11-07 20:20:29,983 [  11252]   INFO - il.indexing.FileBasedIndexImpl - Index json.file.root.values will be built. 
2019-11-07 20:20:29,996 [  11265]   INFO - il.indexing.FileBasedIndexImpl - Index ImageFileInfoIndex will be built. 
2019-11-07 20:20:30,021 [  11290]   INFO - il.indexing.FileBasedIndexImpl - Index bytecodeAnalysis will be built. 
2019-11-07 20:20:30,035 [  11304]   INFO - il.indexing.FileBasedIndexImpl - Index java.null.method.argument will be built. 
2019-11-07 20:20:30,059 [  11328]   INFO - il.indexing.FileBasedIndexImpl - Index java.simple.property will be built. 
2019-11-07 20:20:30,086 [  11355]   INFO - il.indexing.FileBasedIndexImpl - Index java.fun.expression will be built. 
2019-11-07 20:20:30,119 [  11388]   INFO - il.indexing.FileBasedIndexImpl - Index java.binary.plus.expression will be built. 
2019-11-07 20:20:30,149 [  11418]   INFO - il.indexing.FileBasedIndexImpl - Index jvm.hierarchy will be built. 
2019-11-07 20:20:30,172 [  11441]   INFO - il.indexing.FileBasedIndexImpl - Index RefQueueIndex will be built. 
2019-11-07 20:20:30,186 [  11455]   INFO - il.indexing.FileBasedIndexImpl - Index XsltSymbolIndex will be built. 
2019-11-07 20:20:30,199 [  11468]   INFO - il.indexing.FileBasedIndexImpl - Index xmlProperties will be built. 
2019-11-07 20:20:30,210 [  11479]   INFO - il.indexing.FileBasedIndexImpl - Index ant-imports will be built. 
2019-11-07 20:20:30,222 [  11491]   INFO - il.indexing.FileBasedIndexImpl - Index FormClassIndex will be built. 
2019-11-07 20:20:30,245 [  11514]   INFO - il.indexing.FileBasedIndexImpl - Index editorconfig.index.name will be built. 
2019-11-07 20:20:30,261 [  11530]   INFO - il.indexing.FileBasedIndexImpl - Index groovy.trait.fields will be built. 
2019-11-07 20:20:30,279 [  11548]   INFO - il.indexing.FileBasedIndexImpl - Index groovy.trait.methods will be built. 
2019-11-07 20:20:30,301 [  11570]   INFO - il.indexing.FileBasedIndexImpl - Index IdeaPluginRegistrationIndex will be built. 
2019-11-07 20:20:30,317 [  11586]   INFO - il.indexing.FileBasedIndexImpl - Index org.jetbrains.kotlin.idea.versions.KotlinJvmMetadataVersionIndex will be built. 
2019-11-07 20:20:30,335 [  11604]   INFO - il.indexing.FileBasedIndexImpl - Index org.jetbrains.kotlin.idea.versions.KotlinJsMetadataVersionIndex will be built. 
2019-11-07 20:20:30,352 [  11621]   INFO - il.indexing.FileBasedIndexImpl - Index org.jetbrains.kotlin.idea.vfilefinder.KotlinClassFileIndex will be built. 
2019-11-07 20:20:30,371 [  11640]   INFO - il.indexing.FileBasedIndexImpl - Index org.jetbrains.kotlin.idea.vfilefinder.KotlinJavaScriptMetaFileIndex will be built. 
2019-11-07 20:20:30,388 [  11657]   INFO - il.indexing.FileBasedIndexImpl - Index org.jetbrains.kotlin.idea.vfilefinder.KotlinMetadataFileIndex will be built. 
2019-11-07 20:20:30,401 [  11670]   INFO - il.indexing.FileBasedIndexImpl - Index org.jetbrains.kotlin.idea.vfilefinder.KotlinMetadataFilePackageIndex will be built. 
2019-11-07 20:20:30,416 [  11685]   INFO - il.indexing.FileBasedIndexImpl - Index org.jetbrains.kotlin.idea.vfilefinder.KotlinModuleMappingIndex will be built. 
2019-11-07 20:20:30,430 [  11699]   INFO - il.indexing.FileBasedIndexImpl - Index org.jetbrains.kotlin.idea.vfilefinder.KotlinPackageSourcesMemberNamesIndex will be built. 
2019-11-07 20:20:30,442 [  11711]   INFO - il.indexing.FileBasedIndexImpl - Index org.jetbrains.kotlin.idea.vfilefinder.KotlinJvmModuleAnnotationsIndex will be built. 
2019-11-07 20:20:30,457 [  11726]   INFO - il.indexing.FileBasedIndexImpl - Index org.jetbrains.kotlin.ide.konan.index.KotlinNativeMetaFileIndex will be built. 
2019-11-07 20:20:30,467 [  11736]   INFO - il.indexing.FileBasedIndexImpl - Index JavaFxControllerClassIndex will be built. 
2019-11-07 20:20:30,477 [  11746]   INFO - il.indexing.FileBasedIndexImpl - Index javafx.id.name will be built. 
2019-11-07 20:20:30,487 [  11756]   INFO - il.indexing.FileBasedIndexImpl - Index javafx.custom.component will be built. 
2019-11-07 20:20:30,497 [  11766]   INFO - il.indexing.FileBasedIndexImpl - Index yaml.keys.name will be built. 
2019-11-07 20:20:30,524 [  11793]   INFO - pl$FileIndexDataInitialization - Initialization done:1424 
2019-11-07 20:20:30,528 [  11797]   INFO - tellij.psi.stubs.StubIndexImpl - Stub index dom.namespaceKey will be built. 
2019-11-07 20:20:30,542 [  11811]   INFO - tellij.psi.stubs.StubIndexImpl - Stub index dom.elementClass will be built. 
2019-11-07 20:20:30,554 [  11823]   INFO - tellij.psi.stubs.StubIndexImpl - Stub index java.module.name will be built. 
2019-11-07 20:20:30,568 [  11837]   INFO - tellij.psi.stubs.StubIndexImpl - Stub index java.method.parameter.types will be built. 
2019-11-07 20:20:30,581 [  11850]   INFO - tellij.psi.stubs.StubIndexImpl - Stub index java.class.extlist will be built. 
2019-11-07 20:20:30,591 [  11860]   INFO - tellij.psi.stubs.StubIndexImpl - Stub index java.class.shortname will be built. 
2019-11-07 20:20:30,602 [  11871]   INFO - tellij.psi.stubs.StubIndexImpl - Stub index jvm.static.member.type will be built. 
2019-11-07 20:20:30,610 [  11879]   INFO - tellij.psi.stubs.StubIndexImpl - Stub index jvm.static.member.name will be built. 
2019-11-07 20:20:30,620 [  11889]   INFO - tellij.psi.stubs.StubIndexImpl - Stub index java.method.name will be built. 
2019-11-07 20:20:30,629 [  11898]   INFO - tellij.psi.stubs.StubIndexImpl - Stub index java.class.fqn will be built. 
2019-11-07 20:20:30,638 [  11907]   INFO - tellij.psi.stubs.StubIndexImpl - Stub index java.field.name will be built. 
2019-11-07 20:20:30,651 [  11920]   INFO - tellij.psi.stubs.StubIndexImpl - Stub index java.anonymous.baseref will be built. 
2019-11-07 20:20:30,658 [  11927]   INFO - tellij.psi.stubs.StubIndexImpl - Stub index java.annotations will be built. 
2019-11-07 20:20:30,670 [  11939]   INFO - tellij.psi.stubs.StubIndexImpl - Stub index properties.index will be built. 
2019-11-07 20:20:30,677 [  11946]   INFO - tellij.psi.stubs.StubIndexImpl - Stub index gr.class.fqn will be built. 
2019-11-07 20:20:30,687 [  11956]   INFO - tellij.psi.stubs.StubIndexImpl - Stub index gr.script.fqn will be built. 
2019-11-07 20:20:30,694 [  11963]   INFO - tellij.psi.stubs.StubIndexImpl - Stub index gr.field.name will be built. 
2019-11-07 20:20:30,706 [  11975]   INFO - tellij.psi.stubs.StubIndexImpl - Stub index gr.method.name will be built. 
2019-11-07 20:20:30,717 [  11986]   INFO - tellij.psi.stubs.StubIndexImpl - Stub index gr.annot.method.name will be built. 
2019-11-07 20:20:30,724 [  11993]   INFO - tellij.psi.stubs.StubIndexImpl - Stub index gr.annot.members will be built. 
2019-11-07 20:20:30,791 [  12060]   INFO - tellij.psi.stubs.StubIndexImpl - Stub index gr.script.class will be built. 
2019-11-07 20:20:30,904 [  12173]   INFO - tellij.psi.stubs.StubIndexImpl - Stub index gr.class.super will be built. 
2019-11-07 20:20:30,953 [  12222]   INFO - tellij.psi.stubs.StubIndexImpl - Stub index gr.anonymous.class will be built. 
2019-11-07 20:20:30,992 [  12261]   INFO - tellij.psi.stubs.StubIndexImpl - Stub index org.jetbrains.kotlin.idea.stubindex.KotlinExactPackagesIndex will be built. 
2019-11-07 20:20:31,019 [  12288]   INFO - tellij.psi.stubs.StubIndexImpl - Stub index org.jetbrains.kotlin.idea.stubindex.KotlinTopLevelClassByPackageIndex will be built. 
2019-11-07 20:20:31,048 [  12317]   INFO - tellij.psi.stubs.StubIndexImpl - Stub index org.jetbrains.kotlin.idea.stubindex.KotlinTopLevelFunctionByPackageIndex will be built. 
2019-11-07 20:20:31,083 [  12352]   INFO - tellij.psi.stubs.StubIndexImpl - Stub index org.jetbrains.kotlin.idea.stubindex.KotlinTopLevelPropertyByPackageIndex will be built. 
2019-11-07 20:20:31,099 [  12368]   INFO - tellij.psi.stubs.StubIndexImpl - Stub index org.jetbrains.kotlin.idea.stubindex.KotlinTopLevelTypeAliasByPackageIndex will be built. 
2019-11-07 20:20:31,107 [  12376]   INFO - tellij.psi.stubs.StubIndexImpl - Stub index org.jetbrains.kotlin.idea.stubindex.KotlinClassShortNameIndex will be built. 
2019-11-07 20:20:31,118 [  12387]   INFO - tellij.psi.stubs.StubIndexImpl - Stub index org.jetbrains.kotlin.idea.stubindex.KotlinFullClassNameIndex will be built. 
2019-11-07 20:20:31,127 [  12396]   INFO - tellij.psi.stubs.StubIndexImpl - Stub index org.jetbrains.kotlin.idea.stubindex.KotlinPropertyShortNameIndex will be built. 
2019-11-07 20:20:31,136 [  12405]   INFO - tellij.psi.stubs.StubIndexImpl - Stub index org.jetbrains.kotlin.idea.stubindex.KotlinFunctionShortNameIndex will be built. 
2019-11-07 20:20:31,146 [  12415]   INFO - tellij.psi.stubs.StubIndexImpl - Stub index org.jetbrains.kotlin.idea.stubindex.KotlinTypeAliasShortNameIndex will be built. 
2019-11-07 20:20:31,158 [  12427]   INFO - tellij.psi.stubs.StubIndexImpl - Stub index org.jetbrains.kotlin.idea.stubindex.KotlinSuperClassIndex will be built. 
2019-11-07 20:20:31,169 [  12438]   INFO - tellij.psi.stubs.StubIndexImpl - Stub index org.jetbrains.kotlin.idea.stubindex.KotlinTopLevelFunctionFqnNameIndex will be built. 
2019-11-07 20:20:31,180 [  12449]   INFO - tellij.psi.stubs.StubIndexImpl - Stub index org.jetbrains.kotlin.idea.stubindex.KotlinTopLevelPropertyFqnNameIndex will be built. 
2019-11-07 20:20:31,194 [  12463]   INFO - tellij.psi.stubs.StubIndexImpl - Stub index org.jetbrains.kotlin.idea.stubindex.KotlinTopLevelTypeAliasFqNameIndex will be built. 
2019-11-07 20:20:31,208 [  12477]   INFO - tellij.psi.stubs.StubIndexImpl - Stub index org.jetbrains.kotlin.idea.stubindex.KotlinTopLevelExtensionsByReceiverTypeIndex will be built. 
2019-11-07 20:20:31,225 [  12494]   INFO - tellij.psi.stubs.StubIndexImpl - Stub index org.jetbrains.kotlin.idea.stubindex.KotlinAnnotationsIndex will be built. 
2019-11-07 20:20:31,237 [  12506]   INFO - plication.impl.ApplicationImpl - 85 application components initialized in 10259ms 
2019-11-07 20:20:31,238 [  12507]   INFO - tellij.psi.stubs.StubIndexImpl - Stub index org.jetbrains.kotlin.idea.stubindex.KotlinProbablyNothingFunctionShortNameIndex will be built. 
2019-11-07 20:20:31,254 [  12523]   INFO - .intellij.idea.IdeaApplication - App initialization took 16277 ms 
2019-11-07 20:20:31,256 [  12525]   INFO - llij.ide.plugins.PluginManager - org.jetbrains.kotlin loaded 1236 classes 
2019-11-07 20:20:31,256 [  12525]   INFO - tellij.psi.stubs.StubIndexImpl - Stub index org.jetbrains.kotlin.idea.stubindex.KotlinProbablyNothingPropertyShortNameIndex will be built. 
2019-11-07 20:20:31,256 [  12525]   INFO - llij.ide.plugins.PluginManager - org.intellij.groovy loaded 263 classes 
2019-11-07 20:20:31,256 [  12525]   INFO - llij.ide.plugins.PluginManager - org.jetbrains.android loaded 210 classes 
2019-11-07 20:20:31,256 [  12525]   INFO - llij.ide.plugins.PluginManager - org.jetbrains.idea.maven loaded 57 classes 
2019-11-07 20:20:31,256 [  12525]   INFO - llij.ide.plugins.PluginManager - com.intellij.properties loaded 33 classes 
2019-11-07 20:20:31,256 [  12525]   INFO - llij.ide.plugins.PluginManager - org.jetbrains.settingsRepository loaded 31 classes 
2019-11-07 20:20:31,256 [  12525]   INFO - llij.ide.plugins.PluginManager - XPathView loaded 24 classes 
2019-11-07 20:20:31,256 [  12525]   INFO - llij.ide.plugins.PluginManager - org.jetbrains.plugins.yaml loaded 22 classes 
2019-11-07 20:20:31,256 [  12525]   INFO - llij.ide.plugins.PluginManager - Git4Idea loaded 22 classes 
2019-11-07 20:20:31,256 [  12525]   INFO - llij.ide.plugins.PluginManager - com.intellij.tasks loaded 20 classes 
2019-11-07 20:20:31,256 [  12525]   INFO - llij.ide.plugins.PluginManager - hg4idea loaded 19 classes 
2019-11-07 20:20:31,256 [  12525]   INFO - llij.ide.plugins.PluginManager - org.editorconfig.editorconfigjetbrains loaded 19 classes 
2019-11-07 20:20:31,256 [  12525]   INFO - llij.ide.plugins.PluginManager - com.intellij.uiDesigner loaded 17 classes 
2019-11-07 20:20:31,257 [  12526]   INFO - llij.ide.plugins.PluginManager - Subversion loaded 15 classes 
2019-11-07 20:20:31,257 [  12526]   INFO - llij.ide.plugins.PluginManager - org.jetbrains.plugins.javaFX loaded 14 classes 
2019-11-07 20:20:31,257 [  12526]   INFO - llij.ide.plugins.PluginManager - DevKit loaded 10 classes 
2019-11-07 20:20:31,257 [  12526]   INFO - llij.ide.plugins.PluginManager - org.jetbrains.plugins.gradle loaded 8 classes 
2019-11-07 20:20:31,257 [  12526]   INFO - llij.ide.plugins.PluginManager - org.jetbrains.plugins.github loaded 7 classes 
2019-11-07 20:20:31,257 [  12526]   INFO - llij.ide.plugins.PluginManager - AntSupport loaded 6 classes 
2019-11-07 20:20:31,257 [  12526]   INFO - llij.ide.plugins.PluginManager - org.jetbrains.java.decompiler loaded 5 classes 
2019-11-07 20:20:31,257 [  12526]   INFO - llij.ide.plugins.PluginManager - org.jetbrains.plugins.terminal loaded 5 classes 
2019-11-07 20:20:31,257 [  12526]   INFO - llij.ide.plugins.PluginManager - com.android.tools.idea.smali loaded 5 classes 
2019-11-07 20:20:31,257 [  12526]   INFO - llij.ide.plugins.PluginManager - org.intellij.intelliLang loaded 4 classes 
2019-11-07 20:20:31,257 [  12526]   INFO - llij.ide.plugins.PluginManager - it.unisa.ascetic loaded 3 classes 
2019-11-07 20:20:31,257 [  12526]   INFO - llij.ide.plugins.PluginManager - org.jetbrains.idea.eclipse loaded 2 classes 
2019-11-07 20:20:31,257 [  12526]   INFO - llij.ide.plugins.PluginManager - com.intellij.copyright loaded 1 classes 
2019-11-07 20:20:31,257 [  12526]   INFO - llij.ide.plugins.PluginManager - com.intellij.java-i18n loaded 1 classes 
2019-11-07 20:20:31,272 [  12541]   INFO - tellij.psi.stubs.StubIndexImpl - Stub index org.jetbrains.kotlin.idea.stubindex.KotlinProbablyContractedFunctionShortNameIndex will be built. 
2019-11-07 20:20:31,301 [  12570]   INFO - tellij.psi.stubs.StubIndexImpl - Stub index org.jetbrains.kotlin.idea.stubindex.KotlinFileFacadeFqNameIndex will be built. 
2019-11-07 20:20:31,314 [  12583]   INFO - tellij.psi.stubs.StubIndexImpl - Stub index org.jetbrains.kotlin.idea.stubindex.KotlinFilePartClassIndex will be built. 
2019-11-07 20:20:31,327 [  12596]   INFO - tellij.psi.stubs.StubIndexImpl - Stub index org.jetbrains.kotlin.idea.stubindex.KotlinFileFacadeClassByPackageIndex will be built. 
2019-11-07 20:20:31,339 [  12608]   INFO - tellij.psi.stubs.StubIndexImpl - Stub index org.jetbrains.kotlin.idea.stubindex.KotlinFileFacadeShortNameIndex will be built. 
2019-11-07 20:20:31,369 [  12638]   INFO - tellij.psi.stubs.StubIndexImpl - Stub index org.jetbrains.kotlin.idea.stubindex.KotlinMultifileClassPartIndex will be built. 
2019-11-07 20:20:31,436 [  12705]   INFO - tellij.psi.stubs.StubIndexImpl - Stub index org.jetbrains.kotlin.idea.stubindex.KotlinScriptFqnIndex will be built. 
2019-11-07 20:20:31,466 [  12735]   INFO - tellij.psi.stubs.StubIndexImpl - Stub index org.jetbrains.kotlin.idea.stubindex.KotlinTypeAliasByExpansionShortNameIndex will be built. 
2019-11-07 20:20:31,491 [  12760]   INFO - tellij.psi.stubs.StubIndexImpl - Stub index org.jetbrains.kotlin.idea.stubindex.KotlinOverridableInternalMembersShortNameIndex will be built. 
2019-11-07 20:20:31,507 [  12776]   INFO - exImpl$StubIndexInitialization - Initialization done:983 
2019-11-07 20:20:31,687 [  12956]   INFO - m.intellij.ui.mac.touchbar.NST - OS doesn't support touchbar, skip nst loading 
2019-11-07 20:20:31,918 [  13187]   INFO - pi.util.registry.RegistryValue - Registry value 'java.completion.argument.hints' has changed to 'false' 
2019-11-07 20:20:31,918 [  13187]   INFO - pi.util.registry.RegistryValue - Registry value 'java.completion.argument.hints.internal' has changed to 'false' 
2019-11-07 20:20:31,949 [  13218]   INFO - com.intellij.ide.ui.UISettings - Loaded: fontSize=12, fontScale=1.0; restored: fontSize=12, fontScale=1.0 
2019-11-07 20:20:32,203 [  13472]   INFO - j.ide.ui.OptionsTopHitProvider - 506 ms spent on EDT to cache options in application 
2019-11-07 20:20:33,098 [  14367]   INFO - .openapi.application.Preloader - com.intellij.openapi.actionSystem.impl.ActionPreloader took 3621 ms 
2019-11-07 20:20:34,440 [  15709]   INFO - .openapi.application.Preloader - com.intellij.ide.ui.search.SearchableOptionPreloader took 1340 ms 
2019-11-07 20:20:34,678 [  15947]   INFO - .openapi.application.Preloader - com.intellij.codeInsight.completion.CompletionPreloader took 237 ms 
2019-11-07 20:20:34,682 [  15951]   INFO - .openapi.application.Preloader - com.intellij.ide.actions.GotoClassPresentationUpdater took 4 ms 
2019-11-07 20:20:36,222 [  17491]   INFO - ellij.project.impl.ProjectImpl - 20 project components initialized in 189 ms 
2019-11-07 20:20:46,536 [  27805]   INFO - pl.projectlevelman.NewMappings - VCS Root: [] - [<Project>] 
2019-11-07 20:20:46,536 [  27805]   INFO - pl.projectlevelman.NewMappings - VCS Root: [Git] - [C:/Users/Simone/Desktop/TestAscetic] 
2019-11-07 20:20:47,149 [  28418]   INFO - ellij.project.impl.ProjectImpl - 164 project components initialized in 1007 ms 
2019-11-07 20:20:47,254 [  28523]   INFO - le.impl.ModuleManagerComponent - 1 module(s) loaded in 104 ms 
2019-11-07 20:20:47,429 [  28698]   INFO - j.ide.script.IdeStartupScripts - 0 startup script(s) found 
2019-11-07 20:20:47,567 [  28836]   INFO - rojectCodeStyleSettingsManager - Initialized from default code style settings. 
2019-11-07 20:20:48,315 [  29584]   INFO - penapi.project.DumbServiceImpl - Running dumb mode task: com.intellij.util.indexing.UnindexedFilesUpdater@4fa52ff7 
2019-11-07 20:20:48,352 [  29621]   INFO - .diagnostic.PerformanceWatcher - Pushing properties took 36ms; general responsiveness: ok; EDT responsiveness: ok 
2019-11-07 20:20:48,400 [  29669]   INFO - ntellij.internal.IconsLoadTime - IMG load time: ide_startup=14,80ms, average=1,64ms, median=1,25ms; number of icons: 9 
2019-11-07 20:20:48,400 [  29669]   INFO - ntellij.internal.IconsLoadTime - SVG load time: ide_startup=203,27ms, average=3,23ms, median=3,67ms; number of icons: 63 
2019-11-07 20:20:49,674 [  30943]   INFO - tartup.impl.StartupManagerImpl - OpenFilesActivity run in 1268ms under project opening modal progress 
2019-11-07 20:20:49,735 [  31004]   INFO - ge.ExternalProjectsDataStorage - Loaded external projects data in 9 millis 
2019-11-07 20:20:49,777 [  31046]   INFO - .diagnostic.PerformanceWatcher - Post-startup activities under progress took 1523ms; general responsiveness: ok; EDT responsiveness: 1/1 sluggish 
2019-11-07 20:20:50,344 [  31613]   INFO - tartup.impl.StartupManagerImpl - C:/Users/Simone/Desktop/TestAscetic/ProgettiTest/.idea case-sensitivity: expected=false actual=false 
2019-11-07 20:20:50,395 [  31664]   INFO - ntellij.internal.IconsLoadTime - SVG load time: total=310,47ms, average=3,10ms, median=6,55ms; number of icons: 100 
2019-11-07 20:20:50,554 [  31823]   INFO - tor.impl.FileEditorManagerImpl - Project opening took 4485 ms 
2019-11-07 20:20:50,554 [  31823]   INFO - llij.ide.plugins.PluginManager - org.jetbrains.kotlin loaded 1682 classes 
2019-11-07 20:20:50,554 [  31823]   INFO - llij.ide.plugins.PluginManager - org.jetbrains.android loaded 1331 classes 
2019-11-07 20:20:50,554 [  31823]   INFO - llij.ide.plugins.PluginManager - org.intellij.groovy loaded 515 classes 
2019-11-07 20:20:50,554 [  31823]   INFO - llij.ide.plugins.PluginManager - com.intellij.uiDesigner loaded 212 classes 
2019-11-07 20:20:50,554 [  31823]   INFO - llij.ide.plugins.PluginManager - Git4Idea loaded 206 classes 
2019-11-07 20:20:50,554 [  31823]   INFO - llij.ide.plugins.PluginManager - org.jetbrains.idea.maven loaded 205 classes 
2019-11-07 20:20:50,554 [  31823]   INFO - llij.ide.plugins.PluginManager - org.jetbrains.debugger.streams loaded 129 classes 
2019-11-07 20:20:50,554 [  31823]   INFO - llij.ide.plugins.PluginManager - com.intellij.tasks loaded 102 classes 
2019-11-07 20:20:50,554 [  31823]   INFO - llij.ide.plugins.PluginManager - org.editorconfig.editorconfigjetbrains loaded 69 classes 
2019-11-07 20:20:50,554 [  31823]   INFO - llij.ide.plugins.PluginManager - org.jetbrains.plugins.gradle loaded 68 classes 
2019-11-07 20:20:50,554 [  31823]   INFO - llij.ide.plugins.PluginManager - XPathView loaded 66 classes 
2019-11-07 20:20:50,554 [  31823]   INFO - llij.ide.plugins.PluginManager - com.intellij.properties loaded 60 classes 
2019-11-07 20:20:50,554 [  31823]   INFO - llij.ide.plugins.PluginManager - Subversion loaded 57 classes 
2019-11-07 20:20:50,554 [  31823]   INFO - llij.ide.plugins.PluginManager - DevKit loaded 56 classes 
2019-11-07 20:20:50,554 [  31823]   INFO - llij.ide.plugins.PluginManager - hg4idea loaded 44 classes 
2019-11-07 20:20:50,554 [  31823]   INFO - llij.ide.plugins.PluginManager - org.jetbrains.settingsRepository loaded 37 classes 
2019-11-07 20:20:50,554 [  31823]   INFO - llij.ide.plugins.PluginManager - org.jetbrains.plugins.yaml loaded 31 classes 
2019-11-07 20:20:50,554 [  31823]   INFO - llij.ide.plugins.PluginManager - org.jetbrains.plugins.javaFX loaded 25 classes 
2019-11-07 20:20:50,554 [  31823]   INFO - llij.ide.plugins.PluginManager - org.jetbrains.plugins.github loaded 21 classes 
2019-11-07 20:20:50,554 [  31823]   INFO - llij.ide.plugins.PluginManager - AntSupport loaded 20 classes 
2019-11-07 20:20:50,554 [  31823]   INFO - llij.ide.plugins.PluginManager - org.jetbrains.plugins.terminal loaded 19 classes 
2019-11-07 20:20:50,554 [  31823]   INFO - llij.ide.plugins.PluginManager - JUnit loaded 18 classes 
2019-11-07 20:20:50,554 [  31823]   INFO - llij.ide.plugins.PluginManager - TestNG-J loaded 15 classes 
2019-11-07 20:20:50,554 [  31823]   INFO - llij.ide.plugins.PluginManager - Coverage loaded 15 classes 
2019-11-07 20:20:50,554 [  31823]   INFO - llij.ide.plugins.PluginManager - org.jetbrains.idea.eclipse loaded 11 classes 
2019-11-07 20:20:50,554 [  31823]   INFO - llij.ide.plugins.PluginManager - org.jetbrains.java.decompiler loaded 7 classes 
2019-11-07 20:20:50,554 [  31823]   INFO - llij.ide.plugins.PluginManager - com.intellij.java-i18n loaded 7 classes 
2019-11-07 20:20:50,554 [  31823]   INFO - llij.ide.plugins.PluginManager - org.intellij.intelliLang loaded 6 classes 
2019-11-07 20:20:50,554 [  31823]   INFO - llij.ide.plugins.PluginManager - com.intellij.copyright loaded 6 classes 
2019-11-07 20:20:50,554 [  31823]   INFO - llij.ide.plugins.PluginManager - com.android.tools.idea.smali loaded 5 classes 
2019-11-07 20:20:50,554 [  31823]   INFO - llij.ide.plugins.PluginManager - it.unisa.ascetic loaded 4 classes 
2019-11-07 20:20:50,554 [  31823]   INFO - llij.ide.plugins.PluginManager - XSLT-Debugger loaded 2 classes 
2019-11-07 20:20:50,554 [  31823]   INFO - llij.ide.plugins.PluginManager - ByteCodeViewer loaded 2 classes 
2019-11-07 20:20:50,574 [  31843]   INFO - pl.projectlevelman.NewMappings - VCS Root: [Git] - [C:/Users/Simone/Desktop/TestAscetic] 
2019-11-07 20:20:50,949 [  32218]   INFO - .changes.ChangeListManagerImpl - Cannot identify version of git executable git.exe 
com.intellij.openapi.vcs.VcsException: Cannot identify version of git executable git.exe
	at git4idea.status.GitChangeProvider.getChanges(GitChangeProvider.java:106)
	at com.intellij.openapi.vcs.changes.ChangeListManagerImpl.actualUpdate(ChangeListManagerImpl.java:780)
	at com.intellij.openapi.vcs.changes.ChangeListManagerImpl.iterateScopes(ChangeListManagerImpl.java:693)
	at com.intellij.openapi.vcs.changes.ChangeListManagerImpl.lambda$updateImmediately$14(ChangeListManagerImpl.java:595)
	at com.intellij.openapi.progress.impl.CoreProgressManager.lambda$runProcess$2(CoreProgressManager.java:164)
	at com.intellij.openapi.progress.impl.CoreProgressManager.registerIndicatorAndRun(CoreProgressManager.java:586)
	at com.intellij.openapi.progress.impl.CoreProgressManager.executeProcessUnderProgress(CoreProgressManager.java:532)
	at com.intellij.openapi.progress.impl.ProgressManagerImpl.executeProcessUnderProgress(ProgressManagerImpl.java:86)
	at com.intellij.openapi.progress.impl.CoreProgressManager.runProcess(CoreProgressManager.java:151)
	at com.intellij.openapi.vcs.changes.ChangeListManagerImpl.updateImmediately(ChangeListManagerImpl.java:556)
	at com.intellij.openapi.vcs.changes.ChangeListManagerImpl.lambda$new$0(ChangeListManagerImpl.java:146)
	at com.intellij.openapi.vcs.changes.UpdateRequestsQueue$MyRunnable.run(UpdateRequestsQueue.java:225)
	at java.util.concurrent.Executors$RunnableAdapter.call(Executors.java:511)
	at java.util.concurrent.FutureTask.run(FutureTask.java:266)
	at com.intellij.util.concurrency.SchedulingWrapper$MyScheduledFutureTask.run(SchedulingWrapper.java:224)
	at com.intellij.util.concurrency.BoundedTaskExecutor.doRun(BoundedTaskExecutor.java:220)
	at com.intellij.util.concurrency.BoundedTaskExecutor.access$100(BoundedTaskExecutor.java:26)
	at com.intellij.util.concurrency.BoundedTaskExecutor$2.lambda$run$0(BoundedTaskExecutor.java:198)
	at com.intellij.util.ConcurrencyUtil.runUnderThreadName(ConcurrencyUtil.java:224)
	at com.intellij.util.concurrency.BoundedTaskExecutor$2.run(BoundedTaskExecutor.java:194)
	at java.util.concurrent.ThreadPoolExecutor.runWorker(ThreadPoolExecutor.java:1149)
	at java.util.concurrent.ThreadPoolExecutor$Worker.run(ThreadPoolExecutor.java:624)
	at java.lang.Thread.run(Thread.java:748)
Caused by: git4idea.config.GitVersionIdentificationException: Cannot identify version of git executable git.exe
	at git4idea.config.GitExecutableManager.identifyVersion(GitExecutableManager.java:144)
	at git4idea.commands.GitImplBase.run(GitImplBase.java:121)
	at git4idea.commands.GitImplBase.runCommand(GitImplBase.java:50)
	at git4idea.commands.GitImpl.runCommand(GitImpl.java:41)
	at git4idea.status.GitOldChangesCollector.updateIndex(GitOldChangesCollector.java:139)
	at git4idea.status.GitOldChangesCollector.<init>(GitOldChangesCollector.java:129)
	at git4idea.status.GitOldChangesCollector.collect(GitOldChangesCollector.java:110)
	at git4idea.status.GitChangeProvider.getChanges(GitChangeProvider.java:78)
	... 22 more
Caused by: java.nio.file.NoSuchFileException: git.exe
	at sun.nio.fs.WindowsException.translateToIOException(WindowsException.java:79)
	at sun.nio.fs.WindowsException.rethrowAsIOException(WindowsException.java:97)
	at sun.nio.fs.WindowsException.rethrowAsIOException(WindowsException.java:102)
	at sun.nio.fs.WindowsFileAttributeViews$Basic.readAttributes(WindowsFileAttributeViews.java:53)
	at sun.nio.fs.WindowsFileAttributeViews$Basic.readAttributes(WindowsFileAttributeViews.java:38)
	at sun.nio.fs.WindowsFileSystemProvider.readAttributes(WindowsFileSystemProvider.java:193)
	at java.nio.file.Files.readAttributes(Files.java:1737)
	at java.nio.file.Files.getLastModifiedTime(Files.java:2266)
	at git4idea.config.CachingFileTester.getResultForFile(CachingFileTester.java:29)
	at git4idea.config.GitExecutableManager.identifyVersion(GitExecutableManager.java:142)
	... 29 more
2019-11-07 20:20:53,119 [  34388]   INFO - .diagnostic.PerformanceWatcher - Indexable file iteration took 4763ms; general responsiveness: ok; EDT responsiveness: 1/5 sluggish 
2019-11-07 20:20:53,126 [  34395]   INFO - indexing.UnindexedFilesUpdater - Unindexed files update started: 42535 files to update 
2019-11-07 20:20:53,763 [  35032]   WARN - ConfigurableExtensionPointUtil - ignore deprecated groupId: language for id: preferences.language.Kotlin.scripting 
2019-11-07 20:20:53,916 [  35185]   INFO - CompilerWorkspaceConfiguration - Available processors: 8 
2019-11-07 20:21:06,705 [  47974]   INFO - .openapi.util.LowMemoryWatcher - Low memory signal received: afterGc=false 
2019-11-07 20:21:11,745 [  53014]   INFO - .diagnostic.PerformanceWatcher - Unindexed files update took 18619ms; general responsiveness: ok; EDT responsiveness: 0/18 sluggish, 1/18 very slow 
2019-11-07 20:21:11,746 [  53015]   INFO - penapi.project.DumbServiceImpl - Running dumb mode task: initial refresh 
2019-11-07 20:21:12,674 [  53943]   INFO -  #git4idea.commands.GitHandler - [.] git version 
2019-11-07 20:21:12,749 [  54018]   INFO -  #git4idea.commands.GitHandler - git version 2.19.2.windows.3 
2019-11-07 20:21:12,761 [  54030]   INFO - ea.config.GitExecutableManager - Git version for C:\Users\Simone\AppData\Local\GitHubDesktop\app-2.2.2\resources\app\git\cmd\git.exe : 2.19.2 
2019-11-07 20:22:04,928 [ 106197]   INFO - mponents.impl.stores.StoreUtil - saveProjectsAndApp took 361 ms 
2019-11-07 20:22:05,048 [ 106317]   INFO - penapi.project.DumbServiceImpl - updateFinished 
2019-11-07 20:22:05,049 [ 106318]   INFO - g.FileBasedIndexProjectHandler - Has changed files: false; project=Project 'C:\Users\Simone\Desktop\TestAscetic\ProgettiTest' ProgettiTest 
2019-11-07 20:22:05,066 [ 106335]   INFO - j.ide.ui.OptionsTopHitProvider - 10 ms spent to cache options in project 
2019-11-07 20:22:05,075 [ 106344]   WARN - com.intellij.util.xmlb.Binding - no accessors for class org.jetbrains.kotlin.idea.highlighter.KotlinDefaultHighlightingSettingsProvider 
2019-11-07 20:22:05,644 [ 106913]   INFO - tartup.impl.StartupManagerImpl - Some post-startup activities freeze UI for noticeable time. Please consider making them DumbAware to do them in background under modal progress, or just making them faster to speed up project opening. 
2019-11-07 20:22:05,644 [ 106913]   INFO - tartup.impl.StartupManagerImpl - CreateKotlinSdkActivity run in 520ms on UI thread 
2019-11-07 20:22:05,780 [ 107049]   INFO - j.ide.ui.OptionsTopHitProvider - 110 ms spent on EDT to cache options in project 
2019-11-07 20:22:05,825 [ 107094]   INFO - penapi.project.DumbServiceImpl - Running dumb mode task: com.android.tools.idea.res.ResourceFolderRepositoryFileCacheImpl$PruneTask@5c8f4a8f 
2019-11-07 20:22:05,855 [ 107124]   INFO - penapi.project.DumbServiceImpl - Running dumb mode task: com.android.tools.idea.res.ResourceFolderRepositoryFileCacheImpl$ManageLruProjectFilesTask@701d8446 
2019-11-07 20:22:05,893 [ 107162]   INFO - penapi.project.DumbServiceImpl - updateFinished 
2019-11-07 20:22:05,893 [ 107162]   INFO - g.FileBasedIndexProjectHandler - Has changed files: false; project=Project 'C:\Users\Simone\Desktop\TestAscetic\ProgettiTest' ProgettiTest 
2019-11-07 20:22:05,912 [ 107181]   INFO - penapi.project.DumbServiceImpl - Running dumb mode task: com.android.tools.idea.res.ResourceFolderRegistry$PopulateCachesTask@441138f6 
2019-11-07 20:22:05,937 [ 107206]   INFO - penapi.project.DumbServiceImpl - updateFinished 
2019-11-07 20:22:05,937 [ 107206]   INFO - g.FileBasedIndexProjectHandler - Has changed files: false; project=Project 'C:\Users\Simone\Desktop\TestAscetic\ProgettiTest' ProgettiTest 
2019-11-07 20:22:06,871 [ 108140]   INFO - .script.IdeScriptEngineManager - javax.script.ScriptEngineManager initialized in 11 ms 
2019-11-07 20:22:15,631 [ 116900]   INFO -  #git4idea.commands.GitHandler - [..\..\TestAscetic] git -c credential.helper= -c core.quotepath=false -c log.showSignature=false rm --ignore-unmatch --cached -- ProgettiTest/src/com/fumet/blob/Class_1.java 
2019-11-07 20:22:16,403 [ 117672]   INFO -  #git4idea.commands.GitHandler - [..\..\TestAscetic] git -c credential.helper= -c core.quotepath=false -c log.showSignature=false rm --ignore-unmatch --cached -- ProgettiTest/src/com/fumet/blob/Class_2.java 
2019-11-07 20:22:17,102 [ 118371]   INFO -  #git4idea.commands.GitHandler - [..\..\TestAscetic] git -c credential.helper= -c core.quotepath=false -c log.showSignature=false rm --ignore-unmatch --cached -- ProgettiTest/src/com/fumet/blob/Class_3.java 
2019-11-07 20:22:28,632 [ 129901]   INFO - mponents.impl.stores.StoreUtil - saveProjectsAndApp took 87 ms 
2019-11-07 20:22:48,663 [ 149932]   INFO - penapi.project.DumbServiceImpl - Running dumb mode task: com.intellij.util.indexing.UnindexedFilesUpdater@6eeb4387 
2019-11-07 20:22:48,664 [ 149933]   INFO - .diagnostic.PerformanceWatcher - Pushing properties took 1ms; general responsiveness: ok; EDT responsiveness: ok 
2019-11-07 20:22:48,711 [ 149980]   INFO - .diagnostic.PerformanceWatcher - Indexable file iteration took 47ms; general responsiveness: ok; EDT responsiveness: ok 
2019-11-07 20:22:48,711 [ 149980]   INFO - penapi.project.DumbServiceImpl - updateFinished 
2019-11-07 20:22:48,712 [ 149981]   INFO - g.FileBasedIndexProjectHandler - Has changed files: false; project=Project 'C:\Users\Simone\Desktop\TestAscetic\ProgettiTest' ProgettiTest 
2019-11-07 20:23:00,970 [ 162239]   INFO -  #git4idea.commands.GitHandler - [..\..\TestAscetic] git -c credential.helper= -c core.quotepath=false -c log.showSignature=false rm --ignore-unmatch --cached -- ProgettiTest/src/com/fumet/blob/Class_1.java 
2019-11-07 20:23:01,430 [ 162699]   INFO -  #git4idea.commands.GitHandler - [..\..\TestAscetic] git -c credential.helper= -c core.quotepath=false -c log.showSignature=false rm --ignore-unmatch --cached -- ProgettiTest/src/com/fumet/blob/Class_2.java 
2019-11-07 20:23:01,951 [ 163220]   INFO -  #git4idea.commands.GitHandler - [..\..\TestAscetic] git -c credential.helper= -c core.quotepath=false -c log.showSignature=false rm --ignore-unmatch --cached -- ProgettiTest/src/com/fumet/blob/Class_3.java 
2019-11-07 20:23:02,451 [ 163720]   INFO -  #git4idea.commands.GitHandler - [..\..\TestAscetic] git -c credential.helper= -c core.quotepath=false -c log.showSignature=false rm --ignore-unmatch --cached -- ProgettiTest/src/com/fumet/blob/Class_4.java 
2019-11-07 20:23:05,629 [ 166898]   INFO - mponents.impl.stores.StoreUtil - saveProjectsAndApp took 125 ms 
2019-11-07 20:23:13,743 [ 175012]   INFO - stubs.SerializationManagerImpl - START StubSerializationManager SHUTDOWN 
2019-11-07 20:23:13,743 [ 175012]   INFO - stubs.SerializationManagerImpl - END StubSerializationManager SHUTDOWN 
2019-11-07 20:23:13,743 [ 175012]   INFO - il.indexing.FileBasedIndexImpl - START INDEX SHUTDOWN 
2019-11-07 20:23:14,081 [ 175350]   INFO - il.indexing.FileBasedIndexImpl - END INDEX SHUTDOWN 
2019-11-07 20:23:14,098 [ 175367]   INFO - org.jetbrains.io.BuiltInServer - web server stopped 
2019-11-07 20:23:14,115 [ 175384]   INFO - Types.impl.FileTypeManagerImpl - FileTypeManager: 334 auto-detected files
Elapsed time on auto-detect: 162 ms 
2019-11-07 20:23:14,130 [ 175399]   INFO - pl.local.NativeFileWatcherImpl - Watcher terminated with exit code 0 
2019-11-07 20:23:14,131 [ 175400]   INFO - newvfs.persistent.PersistentFS - VFS dispose started 
2019-11-07 20:23:14,192 [ 175461]   INFO - newvfs.persistent.PersistentFS - VFS dispose completed 
2019-11-07 20:23:14,193 [ 175462]   INFO - plication.impl.ApplicationImpl - Write action Statistics:
Event number:     109
Total time spent: 3521ms
Average duration: 32ms
Median  duration: 4ms
Max     duration: 421ms (it was 'write action (class com.intellij.refactoring.BaseRefactoringProcessor$$Lambda$3235/1771984772)') 
2019-11-07 20:23:14,193 [ 175462]   INFO - plication.impl.ApplicationImpl - AnAction.update() Statistics:
Event number:     2585
Total time spent: 299ms
Average duration: 0ms
Median  duration: 0ms
Max     duration: 147ms (it was 'From Template action update (class com.intellij.ide.fileTemplates.actions.CreateFromTemplateGroup)') 
2019-11-07 20:23:14,193 [ 175462]   INFO - plication.impl.ApplicationImpl - Global instance threads created counter = 11; ProcessIOExecutorService threads: 12 
2019-11-07 20:23:14,194 [ 175463]   INFO -        #com.intellij.idea.Main - ------------------------------------------------------ IDE SHUTDOWN ------------------------------------------------------ 
2019-11-07 20:23:14,198 [ 175467]   INFO - org.jetbrains.io.BuiltInServer - web server stopped 
